<?xml version="1.0" encoding="UTF-8"?>
<!-- Generated by org.testng.reporters.JUnitReportReporter -->
<testsuite skipped="0" hostname="DESKTOP-CN3CBMR" name="uitesting.Popularlinkstest" tests="3" failures="0" timestamp="09 Nov 2020 10:57:21 GMT" time="115.695" errors="0">
  <testcase name="tablet" time="36.262" classname="uitesting.Popularlinkstest"/>
  <testcase name="spekr" time="34.040" classname="uitesting.Popularlinkstest"/>
  <testcase name="alaptop" time="45.393" classname="uitesting.Popularlinkstest"/>
</testsuite> <!-- uitesting.Popularlinkstest -->
