<?xml version="1.0" encoding="UTF-8"?>
<!-- Generated by org.testng.reporters.JUnitReportReporter -->
<testsuite skipped="0" hostname="DESKTOP-CN3CBMR" name="uitesting.Popularlinkstest" tests="3" failures="0" timestamp="2020-11-09T16:47:49 IST" time="117.051" errors="0">
  <testcase name="tablet" time="33.973" classname="uitesting.Popularlinkstest"/>
  <system-out/>
  <testcase name="alaptop" time="46.775" classname="uitesting.Popularlinkstest"/>
  <system-out/>
  <testcase name="spekr" time="36.303" classname="uitesting.Popularlinkstest"/>
  <system-out/>
</testsuite> <!-- uitesting.Popularlinkstest -->
